<?xml version="1.0" encoding="UTF-8"?>
<testng-results skipped="0" failed="1" ignored="0" total="1" passed="0">
  <reporter-output>
    <line>
      <![CDATA[application is launched]]>
    </line>
    <line>
      <![CDATA[Home screen is displayed]]>
    </line>
    <line>
      <![CDATA[Wishlist page is displayed]]>
    </line>
    <line>
      <![CDATA[Login page is displayed]]>
    </line>
  </reporter-output>
  <suite name="Default suite" duration-ms="90449" started-at="2020-04-02T18:39:05 IST" finished-at="2020-04-02T18:40:35 IST">
    <groups>
    </groups>
    <test name="Default test" duration-ms="90449" started-at="2020-04-02T18:39:05 IST" finished-at="2020-04-02T18:40:35 IST">
      <class name="com.tyss.amazon.FashoinWearsTest">
        <test-method status="PASS" signature="configBC()[pri:0, instance:com.tyss.amazon.FashoinWearsTest@6321e813]" name="configBC" is-config="true" duration-ms="37815" started-at="2020-04-02T18:39:05 IST" finished-at="2020-04-02T18:39:43 IST">
          <reporter-output>
          </reporter-output>
        </test-method> <!-- configBC -->
        <test-method status="PASS" signature="configBM()[pri:0, instance:com.tyss.amazon.FashoinWearsTest@6321e813]" name="configBM" is-config="true" duration-ms="4160" started-at="2020-04-02T18:39:43 IST" finished-at="2020-04-02T18:39:47 IST">
          <reporter-output>
          </reporter-output>
        </test-method> <!-- configBM -->
        <test-method status="FAIL" signature="RemoveFromWishlist()[pri:0, instance:com.tyss.amazon.FashoinWearsTest@6321e813]" name="RemoveFromWishlist" duration-ms="47580" started-at="2020-04-02T18:39:47 IST" finished-at="2020-04-02T18:40:35 IST">
          <exception class="org.openqa.selenium.TimeoutException">
            <message>
              <![CDATA[Expected condition failed: waiting for element ([[ChromeDriver: chrome on WINDOWS (7a0552e2afffc7c5df7376367704fd4d)] -> xpath: //h3[text()='WROGN ACTIVE']]) to be selected (tried for 10 second(s) with 500 milliseconds interval)
Build info: version: '3.141.59', revision: 'e82be7d358', time: '2018-11-14T08:25:53'
System info: host: 'HP', ip: '192.168.43.51', os.name: 'Windows 8.1', os.arch: 'amd64', os.version: '6.3', java.version: '1.8.0_161'
Driver info: org.openqa.selenium.chrome.ChromeDriver
Capabilities {acceptInsecureCerts: false, browserName: chrome, browserVersion: 80.0.3987.162, chrome: {chromedriverVersion: 79.0.3945.36 (3582db32b3389..., userDataDir: C:\Users\user\AppData\Local...}, goog:chromeOptions: {debuggerAddress: localhost:39443}, javascriptEnabled: true, networkConnectionEnabled: false, pageLoadStrategy: normal, platform: WINDOWS, platformName: WINDOWS, proxy: Proxy(), setWindowRect: true, strictFileInteractability: false, timeouts: {implicit: 0, pageLoad: 300000, script: 30000}, unhandledPromptBehavior: dismiss and notify}
Session ID: 7a0552e2afffc7c5df7376367704fd4d]]>
            </message>
            <full-stacktrace>
              <![CDATA[org.openqa.selenium.TimeoutException: Expected condition failed: waiting for element ([[ChromeDriver: chrome on WINDOWS (7a0552e2afffc7c5df7376367704fd4d)] -> xpath: //h3[text()='WROGN ACTIVE']]) to be selected (tried for 10 second(s) with 500 milliseconds interval)
Build info: version: '3.141.59', revision: 'e82be7d358', time: '2018-11-14T08:25:53'
System info: host: 'HP', ip: '192.168.43.51', os.name: 'Windows 8.1', os.arch: 'amd64', os.version: '6.3', java.version: '1.8.0_161'
Driver info: org.openqa.selenium.chrome.ChromeDriver
Capabilities {acceptInsecureCerts: false, browserName: chrome, browserVersion: 80.0.3987.162, chrome: {chromedriverVersion: 79.0.3945.36 (3582db32b3389..., userDataDir: C:\Users\user\AppData\Local...}, goog:chromeOptions: {debuggerAddress: localhost:39443}, javascriptEnabled: true, networkConnectionEnabled: false, pageLoadStrategy: normal, platform: WINDOWS, platformName: WINDOWS, proxy: Proxy(), setWindowRect: true, strictFileInteractability: false, timeouts: {implicit: 0, pageLoad: 300000, script: 30000}, unhandledPromptBehavior: dismiss and notify}
Session ID: 7a0552e2afffc7c5df7376367704fd4d
at org.openqa.selenium.support.ui.WebDriverWait.timeoutException(WebDriverWait.java:95)
at org.openqa.selenium.support.ui.FluentWait.until(FluentWait.java:272)
at com.tyss.amazon.FashoinWearsTest.RemoveFromWishlist(FashoinWearsTest.java:60)
at sun.reflect.NativeMethodAccessorImpl.invoke0(Native Method)
at sun.reflect.NativeMethodAccessorImpl.invoke(NativeMethodAccessorImpl.java:62)
at sun.reflect.DelegatingMethodAccessorImpl.invoke(DelegatingMethodAccessorImpl.java:43)
at java.lang.reflect.Method.invoke(Method.java:498)
at org.testng.internal.MethodInvocationHelper.invokeMethod(MethodInvocationHelper.java:133)
at org.testng.internal.TestInvoker.invokeMethod(TestInvoker.java:584)
at org.testng.internal.TestInvoker.invokeTestMethod(TestInvoker.java:172)
at org.testng.internal.MethodRunner.runInSequence(MethodRunner.java:46)
at org.testng.internal.TestInvoker$MethodInvocationAgent.invoke(TestInvoker.java:804)
at org.testng.internal.TestInvoker.invokeTestMethods(TestInvoker.java:145)
at org.testng.internal.TestMethodWorker.invokeTestMethods(TestMethodWorker.java:146)
at org.testng.internal.TestMethodWorker.run(TestMethodWorker.java:128)
at java.util.ArrayList.forEach(ArrayList.java:1257)
at org.testng.TestRunner.privateRun(TestRunner.java:770)
at org.testng.TestRunner.run(TestRunner.java:591)
at org.testng.SuiteRunner.runTest(SuiteRunner.java:402)
at org.testng.SuiteRunner.runSequentially(SuiteRunner.java:396)
at org.testng.SuiteRunner.privateRun(SuiteRunner.java:355)
at org.testng.SuiteRunner.run(SuiteRunner.java:304)
at org.testng.SuiteRunnerWorker.runSuite(SuiteRunnerWorker.java:53)
at org.testng.SuiteRunnerWorker.run(SuiteRunnerWorker.java:96)
at org.testng.TestNG.runSuitesSequentially(TestNG.java:1180)
at org.testng.TestNG.runSuitesLocally(TestNG.java:1102)
at org.testng.TestNG.runSuites(TestNG.java:1032)
at org.testng.TestNG.run(TestNG.java:1000)
at org.testng.remote.AbstractRemoteTestNG.run(AbstractRemoteTestNG.java:115)
at org.testng.remote.RemoteTestNG.initAndRun(RemoteTestNG.java:251)
at org.testng.remote.RemoteTestNG.main(RemoteTestNG.java:77)
]]>
            </full-stacktrace>
          </exception> <!-- org.openqa.selenium.TimeoutException -->
          <reporter-output>
            <line>
              <![CDATA[application is launched]]>
            </line>
            <line>
              <![CDATA[Home screen is displayed]]>
            </line>
            <line>
              <![CDATA[Wishlist page is displayed]]>
            </line>
            <line>
              <![CDATA[Login page is displayed]]>
            </line>
          </reporter-output>
        </test-method> <!-- RemoveFromWishlist -->
        <test-method status="PASS" signature="configAM()[pri:0, instance:com.tyss.amazon.FashoinWearsTest@6321e813]" name="configAM" is-config="true" duration-ms="1" started-at="2020-04-02T18:40:35 IST" finished-at="2020-04-02T18:40:35 IST">
          <reporter-output>
          </reporter-output>
        </test-method> <!-- configAM -->
        <test-method status="PASS" signature="configAC()[pri:0, instance:com.tyss.amazon.FashoinWearsTest@6321e813]" name="configAC" is-config="true" duration-ms="1" started-at="2020-04-02T18:40:35 IST" finished-at="2020-04-02T18:40:35 IST">
          <reporter-output>
          </reporter-output>
        </test-method> <!-- configAC -->
      </class> <!-- com.tyss.amazon.FashoinWearsTest -->
    </test> <!-- Default test -->
  </suite> <!-- Default suite -->
</testng-results>
